<?xml version="1.0" encoding="UTF-8"?>
<testng-results ignored="0" total="0" passed="0" failed="0" skipped="0">
  <reporter-output>
  </reporter-output>
  <suite started-at="2022-05-29T22:44:37 EET" name="Surefire suite" finished-at="2022-05-29T22:47:20 EET" duration-ms="163487">
    <groups>
    </groups>
    <test started-at="2022-05-29T22:44:37 EET" name="Surefire test" finished-at="2022-05-29T22:47:20 EET" duration-ms="163487">
    </test> <!-- Surefire test -->
  </suite> <!-- Surefire suite -->
</testng-results>
